c:\users\leeso\ds2\ds2_\main\x64\debug\vc143.pdb
c:\users\leeso\ds2\ds2_\main\x64\debug\vc143.idb
c:\users\leeso\ds2\ds2_\main\x64\debug\manager.obj
c:\users\leeso\ds2\ds2_\main\x64\debug\main.obj
c:\users\leeso\ds2\ds2_\main\x64\debug\bptree.obj
c:\users\leeso\ds2\ds2_\main\x64\debug\avltree.obj
c:\users\leeso\ds2\ds2_\x64\debug\main.exe
c:\users\leeso\ds2\ds2_\main\x64\debug\main.ilk
c:\users\leeso\ds2\ds2_\x64\debug\main.pdb
c:\users\is104\datastructure\main\ds2\ds2\main\x64\debug\avltree.obj
c:\users\is104\datastructure\main\ds2\ds2\main\x64\debug\bptree.obj
c:\users\is104\datastructure\main\ds2\ds2\main\x64\debug\main.obj
c:\users\is104\datastructure\main\ds2\ds2\main\x64\debug\manager.obj
c:\users\is104\datastructure\main\ds2\ds2\main\x64\debug\avltree.obj.enc
c:\users\is104\datastructure\main\ds2\ds2\main\x64\debug\bptree.obj.enc
c:\users\is104\datastructure\main\ds2\ds2\main\x64\debug\main.ilk
c:\users\is104\datastructure\main\ds2\ds2\main\x64\debug\vc142.idb
c:\users\is104\datastructure\main\ds2\ds2\main\x64\debug\vc143.idb
c:\users\is104\datastructure\main\ds2\ds2\main\x64\debug\vc142.pdb
c:\users\is104\datastructure\main\ds2\ds2\main\x64\debug\vc143.pdb
c:\users\is104\datastructure\main\ds2\ds2\x64\debug\main.pdb
c:\users\is104\datastructure\main\ds2\ds2\x64\debug\main.exe
c:\users\is104\datastructure\main\ds2\ds2\main\x64\debug\main.tlog\cl.command.1.tlog
c:\users\is104\datastructure\main\ds2\ds2\main\x64\debug\main.tlog\cl.read.1.tlog
c:\users\is104\datastructure\main\ds2\ds2\main\x64\debug\main.tlog\cl.write.1.tlog
c:\users\is104\datastructure\main\ds2\ds2\main\x64\debug\main.tlog\link.command.1.tlog
c:\users\is104\datastructure\main\ds2\ds2\main\x64\debug\main.tlog\link.read.1.tlog
c:\users\is104\datastructure\main\ds2\ds2\main\x64\debug\main.tlog\link.write.1.tlog
